============================================
DiD + Event Study (big-share closures)
Time: 2025-12-21 12:27:49.911152 
BCY: source/sba_analysis/data/derived/sba_bcy_terms.csv 
MSHARE_COL: bank_loan_mkt_share  THRESH: 0.05 
CLOSURE_COL: true_exog_closure 
============================================

Share ever treated: 0.01717366 
Min cohort: 1994  Max cohort: 2022 


============================================
Outcome: interest_rate_mean 
============================================

--- DiD ---
OLS estimation, Dep. Var.: interest_rate_mean
Observations: 137,200
Fixed-effects: loan_cert: 1,886,  county: 2,879,  year: 17
Standard-errors: Clustered (county) 
     Estimate Std. Error  t value Pr(>|t|) 
post 0.005583   0.036841 0.151535  0.87956 
---
Signif. codes:  0 '***' 0.001 '**' 0.01 '*' 0.05 '.' 0.1 ' ' 1
RMSE: 1.09133     Adj. R2: 0.744868
                Within R2: 3.17e-7 

--- Event Study (sunab) ---
OLS estimation, Dep. Var.: interest_rate_mean
Observations: 2,438
Fixed-effects: loan_cert: 56,  county: 161,  year: 17
Standard-errors: Clustered (county) 
           Estimate Std. Error   t value   Pr(>|t|)    
year::-14  2.286346   0.601774  3.799343 2.0576e-04 ***
year::-13  2.315263   0.710377  3.259204 1.3648e-03 ** 
year::-12  2.117848   0.300794  7.040851 5.3291e-11 ***
year::-11  2.011400   0.401936  5.004279 1.4642e-06 ***
year::-10  1.567648   0.288187  5.439685 1.9652e-07 ***
year::-9   1.815796   0.302519  6.002260 1.2594e-08 ***
year::-8   1.316024   0.244053  5.392363 2.4573e-07 ***
year::-7   1.316807   0.312293  4.216569 4.1379e-05 ***
year::-6   0.893431   0.262411  3.404705 8.3732e-04 ***
year::-5   1.187499   0.255158  4.653981 6.7919e-06 ***
year::-4   1.045037   0.199480  5.238800 5.0310e-07 ***
year::-3   0.844111   0.145256  5.811213 3.2608e-08 ***
year::-2   0.322062   0.137158  2.348108 2.0092e-02 *  
year::0    0.495128  67.096121  0.007379 9.9412e-01    
year::1    0.525594  59.845649  0.008782 9.9300e-01    
year::2    0.851829  58.590577  0.014539 9.8842e-01    
year::3    0.809681 102.136139  0.007927 9.9368e-01    
year::4    0.923849 147.258650  0.006274 9.9500e-01    
year::5    0.428722 167.348914  0.002562 9.9796e-01    
year::6    0.712042 206.153917  0.003454 9.9725e-01    
year::7    0.873975 258.926176  0.003375 9.9731e-01    
year::8    0.675632 266.543352  0.002535 9.9798e-01    
year::9    0.779933 307.220733  0.002539 9.9798e-01    
year::10   1.238419 283.193651  0.004373 9.9652e-01    
year::11   1.117602 292.383346  0.003822 9.9695e-01    
year::12   1.047525 373.896503  0.002802 9.9777e-01    
year::13   1.060615 290.786967  0.003647 9.9709e-01    
year::14   0.994126 241.688404  0.004113 9.9672e-01    
year::15   1.224611 235.416740  0.005202 9.9586e-01    
year::16   0.825854 229.431193  0.003600 9.9713e-01    
year::17   0.650217 199.473237  0.003260 9.9740e-01    
year::18   0.919907 293.751860  0.003132 9.9751e-01    
year::19   0.455461 163.554359  0.002785 9.9778e-01    
year::20  -0.032765   0.340051 -0.096354 9.2336e-01    
year::21   0.091596   0.247020  0.370804 7.1127e-01    
year::22   0.261288   0.209960  1.244468 2.1515e-01    
year::23   0.167857   0.340161  0.493464 6.2236e-01    
year::24   0.108828   0.413022  0.263492 7.9251e-01    
year::25   0.198188   0.267466  0.740985 4.5979e-01    
year::26  -0.132357   0.321152 -0.412131 6.8080e-01    
year::27   0.383562   0.664757  0.576996 5.6475e-01    
year::28  -0.095027   0.273059 -0.348007 7.2829e-01    
year::29   0.958486   0.489473  1.958200 5.1946e-02 .  
... 4 variables were removed because of collinearity (year::20:cohort::2004, year::24:cohort::2000
and 2 others [full set in $collin.var])
---
Signif. codes:  0 '***' 0.001 '**' 0.01 '*' 0.05 '.' 0.1 ' ' 1
RMSE: 0.853607     Adj. R2: 0.754828
                 Within R2: 0.207335

============================================
Outcome: term_months_mean 
============================================

--- DiD ---
OLS estimation, Dep. Var.: term_months_mean
Observations: 186,674
Fixed-effects: loan_cert: 2,584,  county: 3,018,  year: 31
Standard-errors: Clustered (county) 
      Estimate Std. Error   t value Pr(>|t|) 
post -0.429103    1.69203 -0.253603  0.79982 
---
Signif. codes:  0 '***' 0.001 '**' 0.01 '*' 0.05 '.' 0.1 ' ' 1
RMSE: 58.9     Adj. R2: 0.320584
             Within R2: 5.763e-7

--- Event Study (sunab) ---
OLS estimation, Dep. Var.: term_months_mean
Observations: 3,422
Fixed-effects: loan_cert: 58,  county: 163,  year: 31
Standard-errors: Clustered (county) 
            Estimate  Std. Error   t value   Pr(>|t|)    
year::-24  46.888335    52.01679  0.901408 0.36870975    
year::-23  69.260070    28.52562  2.427996 0.01627754 *  
year::-22  70.925006    27.21986  2.605634 0.01002476 *  
year::-21  19.147852    38.53974  0.496834 0.61997968    
year::-20  40.666568 23626.20452  0.001721 0.99862876    
year::-19   0.239427    23.11187  0.010359 0.99174723    
year::-18  30.939723    14.11315  2.192262 0.02978703 *  
year::-17  19.563775 14875.23922  0.001315 0.99895225    
year::-16  -4.325759     9.12605 -0.474001 0.63613715    
year::-15  -7.216715    14.24999 -0.506437 0.61323878    
year::-14  -5.128970    10.70204 -0.479252 0.63240602    
year::-13 -15.724570    10.45356 -1.504230 0.13446912    
year::-12 -10.558226    12.52226 -0.843157 0.40038403    
year::-11  11.384435 83679.16792  0.000136 0.99989162    
year::-10  28.030543     8.21418  3.412457 0.00081318 ***
year::-9   10.282592    13.90215  0.739640 0.46058879    
year::-8    2.038348    13.93211  0.146306 0.88386187    
year::-7    2.753819     9.18083  0.299953 0.76459750    
year::-6  -30.065369    20.36411 -1.476390 0.14178040    
year::-5    5.717805  5286.09536  0.001082 0.99913828    
year::-4  -10.058816 19835.12886 -0.000507 0.99959600    
year::-3   -7.358813     5.94472 -1.237874 0.21755376    
year::-2   -7.499760  9026.49529 -0.000831 0.99933809    
year::0    -5.454976     6.54449 -0.833521 0.40577799    
year::1     3.298459 28023.71185  0.000118 0.99990623    
year::2     9.645934  3264.20936  0.002955 0.99764584    
year::3    10.919980  3650.44896  0.002991 0.99761689    
year::4    19.538761  3861.00200  0.005061 0.99596852    
year::5    14.479564  4317.52088  0.003354 0.99732829    
year::6    -5.162615 12614.78234 -0.000409 0.99967397    
year::7     4.354208 20619.21340  0.000211 0.99983177    
year::8     6.292165 21728.04903  0.000290 0.99976930    
year::9     4.817270 23226.52371  0.000207 0.99983477    
year::10    4.700899 22704.16710  0.000207 0.99983505    
year::11   -1.387968 24346.35018 -0.000057 0.99995458    
year::12    9.454190 26588.29319  0.000356 0.99971673    
year::13   12.083855 26588.29946  0.000454 0.99963794    
year::14    9.597887 26943.36598  0.000356 0.99971621    
year::15   -1.648184 26242.78308 -0.000063 0.99994997    
year::16   16.179656 25578.54778  0.000633 0.99949608    
year::17   20.269504 24946.87358  0.000813 0.99935271    
year::18    6.534663 36739.15297  0.000178 0.99985830    
year::19    1.650548  7721.60441  0.000214 0.99982971    
year::20    8.428455  8193.70258  0.001029 0.99918052    
year::21    4.338539  8921.55811  0.000486 0.99961259    
year::22   11.928085  7872.16082  0.001515 0.99879289    
year::23   -1.357410 26190.98681 -0.000052 0.99995871    
year::24    2.094304 25634.26962  0.000082 0.99993491    
year::25    8.768525 26773.13911  0.000328 0.99973909    
year::26   18.629030 36509.93402  0.000510 0.99959351    
year::27    7.158747 30892.11901  0.000232 0.99981539    
year::28   19.139911    13.95059  1.371979 0.17196686    
year::29   11.901350    13.40552  0.887795 0.37596743    
... 1 variable was removed because of collinearity (year::20:cohort::2004)
---
Signif. codes:  0 '***' 0.001 '**' 0.01 '*' 0.05 '.' 0.1 ' ' 1
RMSE: 31.3     Adj. R2: 0.419655
             Within R2: 0.244966

============================================
Outcome: fixed_share 
============================================

--- DiD ---
OLS estimation, Dep. Var.: fixed_share
Observations: 343,351
Fixed-effects: loan_cert: 3,120,  county: 3,117,  year: 31
Standard-errors: Clustered (county) 
     Estimate Std. Error t value Pr(>|t|) 
post 0.007558   0.005256 1.43797  0.15054 
---
Signif. codes:  0 '***' 0.001 '**' 0.01 '*' 0.05 '.' 0.1 ' ' 1
RMSE: 0.205286     Adj. R2: 0.26079 
                 Within R2: 1.191e-5

--- Event Study (sunab) ---
OLS estimation, Dep. Var.: fixed_share
Observations: 5,894
Fixed-effects: loan_cert: 64,  county: 178,  year: 31
Standard-errors: Clustered (county) 
           Estimate Std. Error   t value Pr(>|t|)    
year::-28 -0.079892   0.046557 -1.715999 0.087912 .  
year::-27 -0.084126   0.043836 -1.919096 0.056581 .  
year::-26 -0.090181   0.038659 -2.332770 0.020785 *  
year::-25 -0.098370   0.041808 -2.352925 0.019725 *  
year::-24 -0.089883   0.035960 -2.499558 0.013345 *  
year::-23 -0.058550   0.038647 -1.514994 0.131558    
year::-22 -0.061189   0.031312 -1.954189 0.052254 .  
year::-21 -0.028847   0.033633 -0.857702 0.392217    
year::-20 -0.043715   0.037072 -1.179186 0.239907    
year::-19 -0.012370   0.036463 -0.339250 0.734824    
year::-18 -0.023860   0.037269 -0.640223 0.522855    
year::-17 -0.015507   0.038224 -0.405699 0.685454    
year::-16 -0.018258   0.036313 -0.502787 0.615739    
year::-15 -0.014036   0.035195 -0.398801 0.690521    
year::-14  0.000719   0.036983  0.019449 0.984505    
year::-13 -0.007997   0.027760 -0.288084 0.773620    
year::-12 -0.031492   0.024580 -1.281227 0.201790    
year::-11 -0.029621   0.024047 -1.231771 0.219668    
year::-10 -0.027379   0.018422 -1.486244 0.138994    
year::-9  -0.035558   0.017607 -2.019547 0.044939 *  
year::-8  -0.024745   0.015466 -1.599973 0.111388    
year::-7  -0.014812   0.014022 -1.056338 0.292253    
year::-6   0.008079   0.017377  0.464936 0.642549    
year::-5   0.014282   0.016017  0.891681 0.373774    
year::-4   0.029247   0.014007  2.087992 0.038230 *  
year::-3   0.027082   0.014422  1.877796 0.062054 .  
year::-2   0.020451   0.013249  1.543631 0.124464    
year::0    0.005448   0.014431  0.377492 0.706260    
year::1    0.034840   0.015027  2.318430 0.021569 *  
year::2    0.013136   0.020630  0.636739 0.525118    
year::3    0.032312   0.019655  1.643966 0.101958    
year::4    0.010217   0.021589  0.473241 0.636624    
year::5    0.014652   0.022220  0.659407 0.510491    
year::6    0.002343   0.020514  0.114197 0.909211    
year::7    0.021820   0.022077  0.988387 0.324312    
year::8    0.000122   0.019701  0.006213 0.995050    
year::9    0.015901   0.019830  0.801866 0.423706    
year::10   0.052845   0.029398  1.797554 0.073952 .  
year::11   0.027564   0.027994  0.984643 0.326144    
year::12   0.000649   0.030667  0.021153 0.983147    
year::13  -0.025999   0.029892 -0.869745 0.385618    
year::14  -0.029422   0.036491 -0.806285 0.421161    
year::15  -0.056829   0.049622 -1.145220 0.253664    
year::16   0.022137   0.035355  0.626117 0.532045    
year::17   0.029334   0.045696  0.641940 0.521743    
year::18   0.050639   0.048179  1.051064 0.294662    
year::19   0.044395   0.043227  1.027020 0.305812    
year::20   0.041417   0.034267  1.208637 0.228414    
year::21   0.072339   0.046460  1.557033 0.121249    
year::22   0.067722   0.045217  1.497722 0.135987    
year::23   0.094554   0.050447  1.874313 0.062535 .  
year::24   0.072082   0.046651  1.545120 0.124103    
year::25   0.066222   0.044322  1.494114 0.136926    
year::26   0.019804   0.048959  0.404507 0.686328    
year::27   0.085201   0.091601  0.930131 0.353570    
year::28   0.111897   0.061118  1.830835 0.068807 .  
year::29  -0.033113   0.129793 -0.255118 0.798928    
---
Signif. codes:  0 '***' 0.001 '**' 0.01 '*' 0.05 '.' 0.1 ' ' 1
RMSE: 0.138824     Adj. R2: 0.398296
                 Within R2: 0.205124

============================================
Outcome: variable_share 
============================================

--- DiD ---
OLS estimation, Dep. Var.: variable_share
Observations: 343,351
Fixed-effects: loan_cert: 3,120,  county: 3,117,  year: 31
Standard-errors: Clustered (county) 
     Estimate Std. Error t value   Pr(>|t|)    
post 0.035866    0.01057 3.39335 0.00069904 ***
---
Signif. codes:  0 '***' 0.001 '**' 0.01 '*' 0.05 '.' 0.1 ' ' 1
RMSE: 0.284342     Adj. R2: 0.587155
                 Within R2: 1.398e-4

--- Event Study (sunab) ---
OLS estimation, Dep. Var.: variable_share
Observations: 5,894
Fixed-effects: loan_cert: 64,  county: 178,  year: 31
Standard-errors: Clustered (county) 
           Estimate Std. Error   t value   Pr(>|t|)    
year::-28  0.185154   0.065081  2.844977 4.9653e-03 ** 
year::-27  0.178798   0.060973  2.932439 3.8079e-03 ** 
year::-26  0.131914   0.067586  1.951786 5.2542e-02 .  
year::-25  0.143974   0.072839  1.976610 4.9639e-02 *  
year::-24  0.088038   0.065627  1.341503 1.8148e-01    
year::-23  0.139851   0.063319  2.208680 2.8481e-02 *  
year::-22  0.141159   0.065675  2.149371 3.2963e-02 *  
year::-21  0.151628   0.060485  2.506891 1.3081e-02 *  
year::-20  0.155043   0.064454  2.405467 1.7182e-02 *  
year::-19  0.111996   0.072776  1.538923 1.2561e-01    
year::-18  0.111101   0.076295  1.456203 1.4711e-01    
year::-17  0.102239   0.077389  1.321113 1.8817e-01    
year::-16  0.109582   0.076271  1.436745 1.5256e-01    
year::-15  0.096986   0.073727  1.315473 1.9005e-01    
year::-14  0.110580   0.071590  1.544633 1.2422e-01    
year::-13  0.091203   0.042750  2.133375 3.4271e-02 *  
year::-12  0.093127   0.033317  2.795164 5.7599e-03 ** 
year::-11  0.085604   0.033724  2.538383 1.1999e-02 *  
year::-10  0.089391   0.032993  2.709378 7.4035e-03 ** 
year::-9   0.019969   0.032227  0.619645 5.3629e-01    
year::-8   0.054610   0.028342  1.926828 5.5603e-02 .  
year::-7   0.002600   0.024635  0.105525 9.1608e-01    
year::-6   0.014075   0.029106  0.483587 6.2928e-01    
year::-5   0.008738   0.024437  0.357570 7.2109e-01    
year::-4   0.015475   0.027839  0.555866 5.7900e-01    
year::-3   0.018544   0.025419  0.729507 4.6666e-01    
year::-2  -0.008652   0.017693 -0.489025 6.2543e-01    
year::0    0.022126   0.020260  1.092073 2.7629e-01    
year::1    0.127370   0.023546  5.409442 2.0291e-07 ***
year::2    0.193713   0.030050  6.446385 1.0529e-09 ***
year::3    0.123515   0.027059  4.564616 9.3355e-06 ***
year::4    0.146748   0.025262  5.808945 2.8611e-08 ***
year::5    0.151380   0.030819  4.911829 2.0428e-06 ***
year::6    0.159228   0.033684  4.727036 4.6310e-06 ***
year::7    0.145502   0.028481  5.108762 8.3397e-07 ***
year::8    0.115047   0.035108  3.276918 1.2630e-03 ** 
year::9    0.093006   0.039980  2.326302 2.1135e-02 *  
year::10   0.105399   0.047342  2.226306 2.7255e-02 *  
year::11   0.147184   0.063940  2.301904 2.2505e-02 *  
year::12   0.150859   0.080631  1.870986 6.2997e-02 .  
year::13   0.097223   0.067152  1.447802 1.4944e-01    
year::14   0.125514   0.082231  1.526363 1.2870e-01    
year::15   0.166257   0.088690  1.874584 6.2497e-02 .  
year::16   0.108998   0.087406  1.247027 2.1404e-01    
year::17   0.149873   0.101436  1.477516 1.4131e-01    
year::18   0.113380   0.097301  1.165247 2.4549e-01    
year::19   0.118269   0.095416  1.239516 2.1680e-01    
year::20   0.095057   0.094623  1.004585 3.1647e-01    
year::21   0.055393   0.078479  0.705837 4.8122e-01    
year::22   0.133546   0.079892  1.671568 9.6377e-02 .  
year::23   0.050511   0.084671  0.596549 5.5157e-01    
year::24   0.030769   0.077667  0.396160 6.9246e-01    
year::25  -0.045674   0.061375 -0.744173 4.5776e-01    
year::26   0.037766   0.058908  0.641092 5.2229e-01    
year::27  -0.081091   0.111082 -0.730011 4.6635e-01    
year::28   0.019304   0.063948  0.301878 7.6310e-01    
year::29   0.149001   0.123344  1.208013 2.2865e-01    
---
Signif. codes:  0 '***' 0.001 '**' 0.01 '*' 0.05 '.' 0.1 ' ' 1
RMSE: 0.19266     Adj. R2: 0.697107
                Within R2: 0.315532

============================================
Outcome: collateral_share 
============================================

--- DiD ---
OLS estimation, Dep. Var.: collateral_share
Observations: 343,351
Fixed-effects: loan_cert: 3,120,  county: 3,117,  year: 31
Standard-errors: Clustered (county) 
      Estimate Std. Error  t value   Pr(>|t|)    
post -0.051646    0.00783 -6.59556 4.9581e-11 ***
---
Signif. codes:  0 '***' 0.001 '**' 0.01 '*' 0.05 '.' 0.1 ' ' 1
RMSE: 0.277796     Adj. R2: 0.651941
                 Within R2: 3.037e-4

--- Event Study (sunab) ---
OLS estimation, Dep. Var.: collateral_share
Observations: 5,894
Fixed-effects: loan_cert: 64,  county: 178,  year: 31
Standard-errors: Clustered (county) 
           Estimate Std. Error   t value   Pr(>|t|)    
year::-28 -0.137016   0.065271 -2.099188 3.7219e-02 *  
year::-27 -0.171169   0.077618 -2.205267 2.8724e-02 *  
year::-26 -0.117111   0.071975 -1.627118 1.0549e-01    
year::-25 -0.132022   0.091531 -1.442386 1.5096e-01    
year::-24 -0.088166   0.080215 -1.099122 2.7321e-01    
year::-23 -0.143639   0.080539 -1.783462 7.6225e-02 .  
year::-22 -0.105173   0.072784 -1.445000 1.5023e-01    
year::-21 -0.104699   0.076045 -1.376802 1.7031e-01    
year::-20 -0.154016   0.074241 -2.074526 3.9478e-02 *  
year::-19 -0.101055   0.077581 -1.302579 1.9441e-01    
year::-18 -0.206940   0.076084 -2.719874 7.1818e-03 ** 
year::-17 -0.244741   0.061205 -3.998733 9.3407e-05 ***
year::-16 -0.198112   0.062030 -3.193792 1.6624e-03 ** 
year::-15 -0.219053   0.049373 -4.436674 1.6018e-05 ***
year::-14 -0.214029   0.062299 -3.435508 7.3689e-04 ***
year::-13 -0.194190   0.053875 -3.604419 4.0652e-04 ***
year::-12 -0.084680   0.067237 -1.259416 2.0954e-01    
year::-11 -0.101799   0.055611 -1.830548 6.8850e-02 .  
year::-10 -0.122121   0.051603 -2.366539 1.9036e-02 *  
year::-9  -0.109115   0.045534 -2.396335 1.7602e-02 *  
year::-8  -0.125592   0.048305 -2.599994 1.0110e-02 *  
year::-7  -0.104973   0.040934 -2.564429 1.1165e-02 *  
year::-6  -0.035255   0.035355 -0.997163 3.2005e-01    
year::-5  -0.032101   0.033270 -0.964870 3.3593e-01    
year::-4  -0.035544   0.029729 -1.195603 2.3345e-01    
year::-3  -0.051502   0.030979 -1.662508 9.8181e-02 .  
year::-2  -0.054698   0.023470 -2.330506 2.0907e-02 *  
year::0   -0.046549   0.022174 -2.099301 3.7209e-02 *  
year::1   -0.039586   0.031765 -1.246202 2.1434e-01    
year::2   -0.035671   0.031176 -1.144191 2.5409e-01    
year::3    0.030726   0.030181  1.018069 3.1003e-01    
year::4    0.006217   0.029757  0.208915 8.3476e-01    
year::5   -0.046352   0.036755 -1.261121 2.0892e-01    
year::6   -0.053064   0.041288 -1.285224 2.0039e-01    
year::7   -0.033141   0.041419 -0.800136 4.2470e-01    
year::8   -0.034762   0.043636 -0.796643 4.2673e-01    
year::9   -0.095018   0.058396 -1.627127 1.0549e-01    
year::10  -0.139139   0.054030 -2.575189 1.0836e-02 *  
year::11  -0.118087   0.055127 -2.142095 3.3553e-02 *  
year::12  -0.146820   0.057887 -2.536323 1.2067e-02 *  
year::13  -0.118485   0.057267 -2.069001 3.9999e-02 *  
year::14  -0.050580   0.050955 -0.992646 3.2224e-01    
year::15  -0.051904   0.061101 -0.849492 3.9676e-01    
year::16   0.066204   0.072772  0.909743 3.6420e-01    
year::17   0.087211   0.071522  1.219363 2.2433e-01    
year::18   0.071208   0.068013  1.046969 2.9654e-01    
year::19   0.006183   0.073848  0.083725 9.3337e-01    
year::20  -0.081083   0.082006 -0.988736 3.2414e-01    
year::21   0.002448   0.074860  0.032696 9.7395e-01    
year::22  -0.060893   0.072167 -0.843772 3.9994e-01    
year::23   0.004908   0.091091  0.053881 9.5709e-01    
year::24   0.060854   0.089931  0.676676 4.9949e-01    
year::25  -0.066915   0.082764 -0.808504 4.1989e-01    
year::26  -0.023808   0.099789 -0.238586 8.1170e-01    
year::27   0.016076   0.132482  0.121347 9.0355e-01    
year::28   0.233947   0.108883  2.148610 3.3024e-02 *  
year::29   0.066092   0.132473  0.498910 6.1846e-01    
---
Signif. codes:  0 '***' 0.001 '**' 0.01 '*' 0.05 '.' 0.1 ' ' 1
RMSE: 0.212987     Adj. R2: 0.661838
                 Within R2: 0.266346

============================================
Outcome: revolver_share 
============================================

--- DiD ---
OLS estimation, Dep. Var.: revolver_share
Observations: 343,351
Fixed-effects: loan_cert: 3,120,  county: 3,117,  year: 31
Standard-errors: Clustered (county) 
     Estimate Std. Error t value  Pr(>|t|)    
post 0.053627   0.007881 6.80415 1.214e-11 ***
---
Signif. codes:  0 '***' 0.001 '**' 0.01 '*' 0.05 '.' 0.1 ' ' 1
RMSE: 0.227751     Adj. R2: 0.333776
                 Within R2: 4.87e-4 

--- Event Study (sunab) ---
OLS estimation, Dep. Var.: revolver_share
Observations: 5,894
Fixed-effects: loan_cert: 64,  county: 178,  year: 31
Standard-errors: Clustered (county) 
           Estimate Std. Error   t value   Pr(>|t|)    
year::-28  0.234855   0.053804  4.365000 2.1572e-05 ***
year::-27  0.201469   0.059239  3.400981 8.2996e-04 ***
year::-26  0.200395   0.068445  2.927803 3.8624e-03 ** 
year::-25  0.199713   0.075884  2.631807 9.2432e-03 ** 
year::-24  0.189686   0.065123  2.912752 4.0444e-03 ** 
year::-23  0.205195   0.067648  3.033261 2.7833e-03 ** 
year::-22  0.183340   0.067008  2.736103 6.8509e-03 ** 
year::-21  0.198192   0.066861  2.964232 3.4525e-03 ** 
year::-20  0.216096   0.077950  2.772239 6.1631e-03 ** 
year::-19  0.235344   0.073495  3.202194 1.6172e-03 ** 
year::-18  0.169754   0.058325  2.910471 4.0726e-03 ** 
year::-17  0.178225   0.053497  3.331515 1.0515e-03 ** 
year::-16  0.169471   0.050071  3.384621 8.7780e-04 ***
year::-15  0.169389   0.049727  3.406358 8.1478e-04 ***
year::-14  0.182854   0.053804  3.398496 8.3707e-04 ***
year::-13  0.129622   0.045046  2.877579 4.5007e-03 ** 
year::-12  0.118513   0.044332  2.673324 8.2129e-03 ** 
year::-11  0.081466   0.041484  1.963786 5.1121e-02 .  
year::-10  0.080062   0.035580  2.250157 2.5670e-02 *  
year::-9   0.049881   0.032892  1.516517 1.3117e-01    
year::-8   0.059875   0.035286  1.696830 9.1487e-02 .  
year::-7   0.056516   0.028660  1.971982 5.0170e-02 .  
year::-6   0.068048   0.025435  2.675341 8.1656e-03 ** 
year::-5   0.060657   0.026086  2.325243 2.1193e-02 *  
year::-4   0.083460   0.021166  3.943135 1.1572e-04 ***
year::-3   0.051103   0.019809  2.579780 1.0698e-02 *  
year::-2   0.012620   0.021454  0.588243 5.5712e-01    
year::0    0.022055   0.015905  1.386676 1.6728e-01    
year::1    0.080591   0.017803  4.526957 1.0956e-05 ***
year::2    0.081956   0.023524  3.483844 6.2292e-04 ***
year::3    0.037053   0.025123  1.474831 1.4203e-01    
year::4    0.065884   0.026754  2.462590 1.4751e-02 *  
year::5    0.042349   0.023551  1.798198 7.3850e-02 .  
year::6    0.064841   0.030256  2.143092 3.3471e-02 *  
year::7    0.079604   0.033186  2.398721 1.7491e-02 *  
year::8    0.075972   0.031230  2.432664 1.5983e-02 *  
year::9    0.077778   0.048945  1.589111 1.1382e-01    
year::10   0.088434   0.049638  1.781561 7.6536e-02 .  
year::11   0.093070   0.051099  1.821365 7.0240e-02 .  
year::12   0.103544   0.065397  1.583322 1.1513e-01    
year::13   0.109525   0.049175  2.227250 2.7191e-02 *  
year::14   0.036569   0.046047  0.794167 4.2816e-01    
year::15   0.085722   0.063457  1.350880 1.7846e-01    
year::16   0.035469   0.069990  0.506780 6.1294e-01    
year::17   0.008717   0.062808  0.138783 8.8978e-01    
year::18   0.062591   0.068098  0.919134 3.5928e-01    
year::19   0.001997   0.070014  0.028521 9.7728e-01    
year::20   0.014249   0.080284  0.177479 8.5934e-01    
year::21  -0.008340   0.068578 -0.121618 9.0334e-01    
year::22   0.016391   0.063787  0.256967 7.9750e-01    
year::23  -0.044103   0.085797 -0.514034 6.0787e-01    
year::24  -0.133373   0.080531 -1.656174 9.9458e-02 .  
year::25  -0.120864   0.058589 -2.062902 4.0582e-02 *  
year::26  -0.114616   0.068806 -1.665770 9.7528e-02 .  
year::27  -0.045127   0.104930 -0.430069 6.6767e-01    
year::28  -0.003889   0.082693 -0.047031 9.6254e-01    
year::29   0.030362   0.130104  0.233367 8.1575e-01    
---
Signif. codes:  0 '***' 0.001 '**' 0.01 '*' 0.05 '.' 0.1 ' ' 1
RMSE: 0.167268     Adj. R2: 0.567854
                 Within R2: 0.223322

============================================
Outcome: chgoff_rate_all 
============================================

--- DiD ---
OLS estimation, Dep. Var.: chgoff_rate_all
Observations: 343,351
Fixed-effects: loan_cert: 3,120,  county: 3,117,  year: 31
Standard-errors: Clustered (county) 
      Estimate Std. Error  t value   Pr(>|t|)    
post -0.011212   0.002461 -4.55556 5.4252e-06 ***
---
Signif. codes:  0 '***' 0.001 '**' 0.01 '*' 0.05 '.' 0.1 ' ' 1
RMSE: 0.236015     Adj. R2: 0.134163
                 Within R2: 1.984e-5

--- Event Study (sunab) ---
OLS estimation, Dep. Var.: chgoff_rate_all
Observations: 5,894
Fixed-effects: loan_cert: 64,  county: 178,  year: 31
Standard-errors: Clustered (county) 
           Estimate Std. Error   t value  Pr(>|t|)    
year::-28 -0.002753   0.036072 -0.076322 0.9392492    
year::-27 -0.031719   0.042108 -0.753277 0.4522843    
year::-26  0.036476   0.042704  0.854146 0.3941786    
year::-25  0.018306   0.056511  0.323940 0.7463659    
year::-24  0.049721   0.042276  1.176097 0.2411354    
year::-23  0.012680   0.052682  0.240685 0.8100779    
year::-22  0.039465   0.035426  1.114031 0.2667764    
year::-21 -0.007103   0.045244 -0.156985 0.8754353    
year::-20  0.079902   0.041967  1.903929 0.0585418 .  
year::-19  0.089908   0.040546  2.217428 0.0278669 *  
year::-18  0.033227   0.046433  0.715593 0.4751858    
year::-17  0.055170   0.038613  1.428764 0.1548343    
year::-16  0.043298   0.047593  0.909762 0.3641850    
year::-15  0.104438   0.038866  2.687149 0.0078935 ** 
year::-14  0.069644   0.045155  1.542344 0.1247759    
year::-13  0.052517   0.026060  2.015195 0.0453973 *  
year::-12  0.008039   0.033038  0.243314 0.8080437    
year::-11  0.021023   0.025368  0.828749 0.4083627    
year::-10  0.010990   0.028095  0.391163 0.6961474    
year::-9   0.028808   0.026760  1.076516 0.2831616    
year::-8   0.011786   0.027707  0.425398 0.6710632    
year::-7   0.006129   0.020469  0.299411 0.7649776    
year::-6   0.011044   0.023520  0.469535 0.6392651    
year::-5   0.025884   0.020622  1.255129 0.2110867    
year::-4   0.048744   0.017679  2.757210 0.0064411 ** 
year::-3   0.004295   0.018386  0.233583 0.8155787    
year::-2   0.018028   0.017756  1.015318 0.3113402    
year::0    0.035207   0.013576  2.593300 0.0103014 *  
year::1    0.025048   0.020124  1.244666 0.2149000    
year::2    0.009885   0.016752  0.590077 0.5558914    
year::3    0.000783   0.021331  0.036719 0.9707502    
year::4    0.017230   0.014415  1.195314 0.2335634    
year::5    0.031754   0.022804  1.392452 0.1655323    
year::6    0.001071   0.024903  0.043026 0.9657294    
year::7    0.028660   0.024232  1.182722 0.2385056    
year::8    0.028486   0.019352  1.472032 0.1427880    
year::9    0.020203   0.026024  0.776330 0.4385903    
year::10   0.013785   0.023849  0.577994 0.5640025    
year::11   0.028434   0.019469  1.460415 0.1459489    
year::12   0.024430   0.044009  0.555117 0.5795153    
year::13   0.009319   0.034336  0.271401 0.7863993    
year::14  -0.008884   0.026349 -0.337157 0.7363978    
year::15  -0.001363   0.038919 -0.035017 0.9721060    
year::16   0.018864   0.027731  0.680254 0.4972327    
year::17   0.007784   0.031495  0.247155 0.8050750    
year::18   0.016244   0.029637  0.548115 0.5843035    
year::19  -0.000570   0.028151 -0.020249 0.9838678    
year::20  -0.017827   0.037829 -0.471247 0.6380446    
year::21   0.024778   0.027232  0.909903 0.3641112    
year::22   0.021663   0.022389  0.967572 0.3345782    
year::23  -0.009324   0.029991 -0.310885 0.7562541    
year::24  -0.002124   0.047193 -0.044997 0.9641602    
year::25   0.025528   0.026057  0.979711 0.3285658    
year::26   0.007958   0.020736  0.383773 0.7016076    
year::27  -0.004541   0.033361 -0.136108 0.8918906    
year::28   0.037273   0.023283  1.600879 0.1111870    
year::29   0.042335   0.035687  1.186286 0.2370995    
---
Signif. codes:  0 '***' 0.001 '**' 0.01 '*' 0.05 '.' 0.1 ' ' 1
RMSE: 0.11204     Adj. R2: 0.229315
                Within R2: 0.15743 

============================================
Outcome: avg_distance_miles 
============================================

--- DiD ---
OLS estimation, Dep. Var.: avg_distance_miles
Observations: 343,351
Fixed-effects: loan_cert: 3,120,  county: 3,117,  year: 31
Standard-errors: Clustered (county) 
     Estimate Std. Error  t value  Pr(>|t|)    
post -105.358    11.9733 -8.79936 < 2.2e-16 ***
---
Signif. codes:  0 '***' 0.001 '**' 0.01 '*' 0.05 '.' 0.1 ' ' 1
RMSE: 270.7     Adj. R2: 0.500905
              Within R2: 0.00133 

--- Event Study (sunab) ---
OLS estimation, Dep. Var.: avg_distance_miles
Observations: 5,894
Fixed-effects: loan_cert: 64,  county: 178,  year: 31
Standard-errors: Clustered (county) 
           Estimate Std. Error   t value   Pr(>|t|)    
year::-28  0.983761   1.173768  0.838122 4.0309e-01    
year::-27 -3.327208   7.036513 -0.472849 6.3690e-01    
year::-26 -3.455576   7.394453 -0.467320 6.4085e-01    
year::-25 -2.073539   4.410405 -0.470147 6.3883e-01    
year::-24  7.596691   7.230278  1.050678 2.9484e-01    
year::-23 10.294696   6.297722  1.634670 1.0390e-01    
year::-22  3.124939   1.762780  1.772733 7.7993e-02 .  
year::-21  1.557884   1.732439  0.899243 3.6975e-01    
year::-20  0.772841   2.401226  0.321853 7.4794e-01    
year::-19  3.009444   0.782486  3.846003 1.6734e-04 ***
year::-18  2.756372   2.005455  1.374437 1.7104e-01    
year::-17  2.225937   1.874443  1.187519 2.3661e-01    
year::-16  4.120731   1.070220  3.850360 1.6462e-04 ***
year::-15  3.140865   1.406607  2.232937 2.6806e-02 *  
year::-14  2.195371   0.470829  4.662782 6.1238e-06 ***
year::-13  0.227772   0.626882  0.363341 7.1678e-01    
year::-12 -2.130541   2.121818 -1.004111 3.1670e-01    
year::-11 -2.301576   2.767241 -0.831722 4.0669e-01    
year::-10  1.072739   0.541195  1.982170 4.9008e-02 *  
year::-9   0.361717   0.967466  0.373881 7.0894e-01    
year::-8   0.349473   0.432958  0.807176 4.2065e-01    
year::-7   0.001302   0.361549  0.003602 9.9713e-01    
year::-6  -0.775843   0.386267 -2.008567 4.6103e-02 *  
year::-5  -1.408786   0.515034 -2.735327 6.8664e-03 ** 
year::-4  -1.831321   0.769434 -2.380088 1.8372e-02 *  
year::-3  -1.826765   0.849601 -2.150144 3.2901e-02 *  
year::-2  -0.377136   0.472349 -0.798427 4.2569e-01    
year::0   -1.300231   0.916329 -1.418956 1.5767e-01    
year::1    0.487812   0.467864  1.042637 2.9854e-01    
year::2   12.346738   2.036985  6.061281 7.9363e-09 ***
year::3   15.472154   2.701512  5.727220 4.3025e-08 ***
year::4   22.734588   3.829868  5.936128 1.5054e-08 ***
year::5    4.082216   1.352753  3.017710 2.9227e-03 ** 
year::6    4.390634   1.628314  2.696429 7.6855e-03 ** 
year::7    4.154888   1.572256  2.642629 8.9640e-03 ** 
year::8    2.213772   1.454747  1.521757 1.2985e-01    
year::9    2.104610   1.221736  1.722639 8.6700e-02 .  
year::10   1.186423   1.321788  0.897589 3.7062e-01    
year::11   1.392858   1.092592  1.274820 2.0404e-01    
year::12   1.162431   1.432460  0.811493 4.1817e-01    
year::13  -0.455079   1.510925 -0.301192 7.6362e-01    
year::14  -1.080276   1.620616 -0.666584 5.0591e-01    
year::15  -0.824182   1.699882 -0.484847 6.2838e-01    
year::16  -0.489191   2.138103 -0.228797 8.1929e-01    
year::17  -1.095777   1.875857 -0.584147 5.5986e-01    
year::18  -1.073820   1.940107 -0.553485 5.8063e-01    
year::19   0.045330   2.277209  0.019906 9.8414e-01    
year::20  -0.670913   2.364946 -0.283691 7.7698e-01    
year::21  -0.638445   2.374642 -0.268859 7.8835e-01    
year::22   0.370761   2.129079  0.174141 8.6195e-01    
year::23  -0.569229   2.414488 -0.235755 8.1390e-01    
year::24   0.074829   2.935301  0.025493 9.7969e-01    
year::25  -0.555333   2.918824 -0.190259 8.4932e-01    
year::26   2.624846   3.051051  0.860309 3.9078e-01    
year::27   3.512395   2.936763  1.196009 2.3329e-01    
year::28   2.333057   3.130987  0.745151 4.5717e-01    
year::29   0.707827   1.818796  0.389173 6.9762e-01    
---
Signif. codes:  0 '***' 0.001 '**' 0.01 '*' 0.05 '.' 0.1 ' ' 1
RMSE: 13.5     Adj. R2: 0.536124
             Within R2: 0.504753

============================================
Outcome: log_total_gross_approval 
============================================

--- DiD ---
OLS estimation, Dep. Var.: log_total_gross_approval
Observations: 343,351
Fixed-effects: loan_cert: 3,120,  county: 3,117,  year: 31
Standard-errors: Clustered (county) 
     Estimate Std. Error t value  Pr(>|t|)    
post  1.07773   0.095221 11.3182 < 2.2e-16 ***
---
Signif. codes:  0 '***' 0.001 '**' 0.01 '*' 0.05 '.' 0.1 ' ' 1
RMSE: 1.29391     Adj. R2: 0.312871
                Within R2: 0.00606 

--- Event Study (sunab) ---
OLS estimation, Dep. Var.: log_total_gross_approval
Observations: 5,894
Fixed-effects: loan_cert: 64,  county: 178,  year: 31
Standard-errors: Clustered (county) 
           Estimate Std. Error   t value   Pr(>|t|)    
year::-28 -2.548216   0.427461 -5.961284 1.3245e-08 ***
year::-27 -2.125094   0.412839 -5.147518 6.9719e-07 ***
year::-26 -2.212582   0.394835 -5.603812 7.9113e-08 ***
year::-25 -2.090865   0.438871 -4.764191 3.9352e-06 ***
year::-24 -2.302672   0.355593 -6.475581 9.0070e-10 ***
year::-23 -1.697439   0.367114 -4.623738 7.2474e-06 ***
year::-22 -1.758443   0.294100 -5.979064 1.2097e-08 ***
year::-21 -1.528151   0.287403 -5.317109 3.1499e-07 ***
year::-20 -1.522575   0.309203 -4.924198 1.9324e-06 ***
year::-19 -1.137510   0.267485 -4.252617 3.4158e-05 ***
year::-18 -0.996385   0.292314 -3.408617 8.0848e-04 ***
year::-17 -0.977230   0.232150 -4.209472 4.0656e-05 ***
year::-16 -1.034818   0.271018 -3.818256 1.8571e-04 ***
year::-15 -0.882475   0.212485 -4.153117 5.0940e-05 ***
year::-14 -0.911717   0.239684 -3.803832 1.9599e-04 ***
year::-13 -0.946145   0.181404 -5.215686 5.0764e-07 ***
year::-12 -0.656612   0.218474 -3.005453 3.0371e-03 ** 
year::-11 -0.676245   0.173917 -3.888330 1.4261e-04 ***
year::-10 -0.578223   0.178607 -3.237402 1.4402e-03 ** 
year::-9  -0.667201   0.163862 -4.071734 7.0272e-05 ***
year::-8  -0.481060   0.165268 -2.910787 4.0687e-03 ** 
year::-7  -0.541495   0.169743 -3.190082 1.6827e-03 ** 
year::-6  -0.416755   0.165625 -2.516255 1.2750e-02 *  
year::-5  -0.182546   0.144324 -1.264834 2.0759e-01    
year::-4  -0.060194   0.130131 -0.462564 6.4425e-01    
year::-3   0.109291   0.143191  0.763249 4.4633e-01    
year::-2   0.000963   0.099198  0.009708 9.9227e-01    
year::0    0.267800   0.106951  2.503962 1.3186e-02 *  
year::1   -0.033112   0.125433 -0.263985 7.9210e-01    
year::2   -0.126948   0.119302 -1.064084 2.8874e-01    
year::3   -0.197084   0.151489 -1.300978 1.9496e-01    
year::4   -0.375329   0.131414 -2.856083 4.8023e-03 ** 
year::5   -0.202016   0.139723 -1.445827 1.4999e-01    
year::6   -0.301330   0.158097 -1.905987 5.8273e-02 .  
year::7   -0.118754   0.174928 -0.678875 4.9810e-01    
year::8    0.014870   0.160099  0.092879 9.2610e-01    
year::9   -0.246630   0.194745 -1.266421 2.0703e-01    
year::10  -0.073178   0.199194 -0.367371 7.1378e-01    
year::11  -0.328237   0.190281 -1.725011 8.6271e-02 .  
year::12  -0.278177   0.266904 -1.042235 2.9872e-01    
year::13  -0.547166   0.186134 -2.939641 3.7245e-03 ** 
year::14  -0.525907   0.203705 -2.581710 1.0640e-02 *  
year::15  -0.387787   0.276232 -1.403849 1.6212e-01    
year::16   0.003528   0.222749  0.015837 9.8738e-01    
year::17  -0.169946   0.244522 -0.695015 4.8796e-01    
year::18  -0.487908   0.247511 -1.971258 5.0253e-02 .  
year::19  -0.511721   0.297851 -1.718040 8.7538e-02 .  
year::20  -0.278290   0.299910 -0.927909 3.5472e-01    
year::21  -0.283384   0.258285 -1.097176 2.7405e-01    
year::22  -0.201030   0.279871 -0.718295 4.7352e-01    
year::23  -0.226929   0.347893 -0.652294 5.1506e-01    
year::24   0.056068   0.378730  0.148043 8.8248e-01    
year::25  -0.144705   0.283536 -0.510358 6.1044e-01    
year::26   0.351236   0.346686  1.013126 3.1238e-01    
year::27   0.367385   0.554079  0.663056 5.0816e-01    
year::28   1.025344   0.336371  3.048252 2.6548e-03 ** 
year::29   0.142621   0.413883  0.344591 7.3081e-01    
---
Signif. codes:  0 '***' 0.001 '**' 0.01 '*' 0.05 '.' 0.1 ' ' 1
RMSE: 0.90893     Adj. R2: 0.668923
                Within R2: 0.252857

============================================
Outcome: loan_growth_yoy 
============================================

--- DiD ---
OLS estimation, Dep. Var.: loan_growth_yoy
Observations: 259,931
Fixed-effects: loan_cert: 2,594,  county: 2,979,  year: 30
Standard-errors: Clustered (county) 
      Estimate Std. Error  t value   Pr(>|t|)    
post -0.140056   0.023852 -5.87177 4.7877e-09 ***
---
Signif. codes:  0 '***' 0.001 '**' 0.01 '*' 0.05 '.' 0.1 ' ' 1
RMSE: 1.44921     Adj. R2: 7.982e-5
                Within R2: 1.049e-4

--- Event Study (sunab) ---
OLS estimation, Dep. Var.: loan_growth_yoy
Observations: 5,658
Fixed-effects: loan_cert: 63,  county: 176,  year: 30
Standard-errors: Clustered (county) 
           Estimate Std. Error   t value  Pr(>|t|)    
year::-27  0.444134   0.307826  1.442809 0.1508618    
year::-26  0.165886   0.355921  0.466076 0.6417410    
year::-25  0.439678   0.367602  1.196070 0.2332872    
year::-24 -0.049913   0.255920 -0.195033 0.8455935    
year::-23  0.597838   0.452862  1.320134 0.1885143    
year::-22  0.128245   0.419877  0.305435 0.7603979    
year::-21  0.591503   0.216446  2.732793 0.0069247 ** 
year::-20  0.116202   0.330967  0.351098 0.7259373    
year::-19  0.479499   0.169660  2.826230 0.0052581 ** 
year::-18  0.134272   0.177947  0.754566 0.4515238    
year::-17  0.259648   0.238015  1.090890 0.2768208    
year::-16  0.235232   0.207768  1.132186 0.2591052    
year::-15  0.249729   0.243842  1.024143 0.3071812    
year::-14  0.320891   0.223301  1.437032 0.1524944    
year::-13  0.139793   0.162843  0.858455 0.3918157    
year::-12  0.313922   0.160384  1.957319 0.0519006 .  
year::-11  0.081775   0.176921  0.462214 0.6445018    
year::-10  0.021897   0.167127  0.131022 0.8959085    
year::-9   0.245448   0.186451  1.316420 0.1897546    
year::-8   0.107127   0.164819  0.649968 0.5165652    
year::-7   0.126156   0.172424  0.731660 0.4653547    
year::-6   0.219053   0.143986  1.521353 0.1299760    
year::-5   0.151193   0.200447  0.754278 0.4516959    
year::-4   0.285973   0.121555  2.352632 0.0197524 *  
year::-3   0.025618   0.109111  0.234784 0.8146511    
year::-2   0.028500   0.129802  0.219565 0.8264662    
year::0    0.051783   0.140006  0.369861 0.7119330    
year::1   -0.262548   0.138623 -1.893967 0.0598791 .  
year::2   -0.140143   0.105734 -1.325436 0.1867543    
year::3   -0.157896   0.110366 -1.430665 0.1543095    
year::4    0.088373   0.118336  0.746793 0.4561905    
year::5    0.608885   0.277546  2.193818 0.0295663 *  
year::6    0.198684   0.143236  1.387105 0.1671737    
year::7    0.075713   0.173753  0.435752 0.6635534    
year::8   -0.053240   0.147902 -0.359965 0.7193076    
year::9   -0.145632   0.171402 -0.849652 0.3966794    
year::10   0.181917   0.171518  1.060631 0.2903195    
year::11  -0.149833   0.159883 -0.937139 0.3499788    
year::12  -0.004350   0.212447 -0.020474 0.9836883    
year::13  -0.080219   0.177069 -0.453035 0.6510847    
year::14  -0.177513   0.135090 -1.314037 0.1905538    
year::15   0.124071   0.185853  0.667576 0.5052839    
year::16   0.151101   0.236928  0.637749 0.5244706    
year::17  -0.120266   0.215537 -0.557982 0.5775701    
year::18   0.364161   0.193121  1.885657 0.0609982 .  
year::19  -0.176578   0.158574 -1.113536 0.2670054    
year::20   0.006800   0.174262  0.039019 0.9689197    
year::21  -0.113995   0.147812 -0.771216 0.4416189    
year::22  -0.213585   0.122231 -1.747385 0.0823247 .  
year::23   0.358945   0.211987  1.693237 0.0921897 .  
year::24   0.022065   0.188532  0.117038 0.9069645    
year::25   0.063408   0.177070  0.358092 0.7207058    
year::26   0.205484   0.227470  0.903348 0.3675830    
year::27  -0.028842   0.208138 -0.138572 0.8899475    
year::28   0.101059   0.641095  0.157636 0.8749256    
year::29   0.951465   0.820322  1.159868 0.2476825    
---
Signif. codes:  0 '***' 0.001 '**' 0.01 '*' 0.05 '.' 0.1 ' ' 1
RMSE: 1.10803     Adj. R2: 0.088201
                Within R2: 0.198094

Saved coefficients to: output/descriptives/did_eventstudy_bigshare/did_es_bigshare_coefs.csv 
Saved plots to: output/descriptives/did_eventstudy_bigshare 
