

============================================
[BANK×COUNTY×YEAR]
Outcome: dist_mean_next5
Treatment: any_closure
Timestamp: 2025-11-27 21:13:08.310902
============================================

                         Absorbing LS Estimation Summary                          
==================================================================================
Dep. Variable:        dist_mean_next5   R-squared:                          0.9668
Estimator:               Absorbing LS   Adj. R-squared:                     0.9663
No. Observations:              390776   F-statistic:                     1.069e+05
Date:                Thu, Nov 27 2025   P-value (F-stat):                   0.0000
Time:                        21:13:08   Distribution:                      chi2(2)
Cov. Estimator:             clustered   R-squared (No Effects):             0.9288
                                        Variables Absorbed:                 5912.0
                                Parameter Estimates                                
===================================================================================
                 Parameter  Std. Err.     T-stat    P-value    Lower CI    Upper CI
-----------------------------------------------------------------------------------
const               1.0277     0.2733     3.7605     0.0002      0.4921      1.5633
any_closure         6.6073     0.5523     11.964     0.0000      5.5249      7.6897
dist_mean_prev5     0.9434     0.0029     326.51     0.0000      0.9377      0.9490
===================================================================================


============================================
[BANK×COUNTY×YEAR]
Outcome: dist_mean_next5
Treatment: any_exog_closure
Timestamp: 2025-11-27 21:13:16.073533
============================================

                         Absorbing LS Estimation Summary                          
==================================================================================
Dep. Variable:        dist_mean_next5   R-squared:                          0.9668
Estimator:               Absorbing LS   Adj. R-squared:                     0.9663
No. Observations:              390776   F-statistic:                     1.068e+05
Date:                Thu, Nov 27 2025   P-value (F-stat):                   0.0000
Time:                        21:13:16   Distribution:                      chi2(2)
Cov. Estimator:             clustered   R-squared (No Effects):             0.9288
                                        Variables Absorbed:                 5912.0
                                Parameter Estimates                                 
====================================================================================
                  Parameter  Std. Err.     T-stat    P-value    Lower CI    Upper CI
------------------------------------------------------------------------------------
const                1.3265     0.2721     4.8754     0.0000      0.7932      1.8598
any_exog_closure     10.096     1.9580     5.1564     0.0000      6.2585      13.934
dist_mean_prev5      0.9432     0.0029     326.58     0.0000      0.9375      0.9488
====================================================================================


============================================
[BANK×COUNTY×YEAR]
Outcome: dist_mean_next5
Treatment: any_true_exog
Timestamp: 2025-11-27 21:13:23.219581
============================================

                         Absorbing LS Estimation Summary                          
==================================================================================
Dep. Variable:        dist_mean_next5   R-squared:                          0.9668
Estimator:               Absorbing LS   Adj. R-squared:                     0.9663
No. Observations:              390776   F-statistic:                      1.08e+05
Date:                Thu, Nov 27 2025   P-value (F-stat):                   0.0000
Time:                        21:13:23   Distribution:                      chi2(2)
Cov. Estimator:             clustered   R-squared (No Effects):             0.9288
                                        Variables Absorbed:                 5912.0
                                Parameter Estimates                                
===================================================================================
                 Parameter  Std. Err.     T-stat    P-value    Lower CI    Upper CI
-----------------------------------------------------------------------------------
const               1.3455     0.2721     4.9445     0.0000      0.8121      1.8788
any_true_exog       4.0312     1.6640     2.4226     0.0154      0.7698      7.2925
dist_mean_prev5     0.9431     0.0029     326.55     0.0000      0.9375      0.9488
===================================================================================


============================================
[BANK×COUNTY×YEAR]
Outcome: dist_median_next5
Treatment: any_closure
Timestamp: 2025-11-27 21:13:30.357773
============================================

                         Absorbing LS Estimation Summary                          
==================================================================================
Dep. Variable:      dist_median_next5   R-squared:                          0.9614
Estimator:               Absorbing LS   Adj. R-squared:                     0.9609
No. Observations:              390776   F-statistic:                     7.897e+04
Date:                Thu, Nov 27 2025   P-value (F-stat):                   0.0000
Time:                        21:13:30   Distribution:                      chi2(2)
Cov. Estimator:             clustered   R-squared (No Effects):             0.9175
                                        Variables Absorbed:                 5912.0
                                 Parameter Estimates                                 
=====================================================================================
                   Parameter  Std. Err.     T-stat    P-value    Lower CI    Upper CI
-------------------------------------------------------------------------------------
const                 1.7132     0.3116     5.4973     0.0000      1.1024      2.3240
any_closure           6.8130     0.5809     11.729     0.0000      5.6744      7.9515
dist_median_prev5     0.9370     0.0033     280.89     0.0000      0.9305      0.9436
=====================================================================================


============================================
[BANK×COUNTY×YEAR]
Outcome: dist_median_next5
Treatment: any_exog_closure
Timestamp: 2025-11-27 21:13:38.002517
============================================

                         Absorbing LS Estimation Summary                          
==================================================================================
Dep. Variable:      dist_median_next5   R-squared:                          0.9614
Estimator:               Absorbing LS   Adj. R-squared:                     0.9608
No. Observations:              390776   F-statistic:                     7.889e+04
Date:                Thu, Nov 27 2025   P-value (F-stat):                   0.0000
Time:                        21:13:37   Distribution:                      chi2(2)
Cov. Estimator:             clustered   R-squared (No Effects):             0.9175
                                        Variables Absorbed:                 5912.0
                                 Parameter Estimates                                 
=====================================================================================
                   Parameter  Std. Err.     T-stat    P-value    Lower CI    Upper CI
-------------------------------------------------------------------------------------
const                 2.0208     0.3122     6.4734     0.0000      1.4090      2.6327
any_exog_closure      10.637     2.5155     4.2288     0.0000      5.7072      15.568
dist_median_prev5     0.9368     0.0033     280.79     0.0000      0.9303      0.9434
=====================================================================================


============================================
[BANK×COUNTY×YEAR]
Outcome: dist_median_next5
Treatment: any_true_exog
Timestamp: 2025-11-27 21:13:45.556073
============================================

                         Absorbing LS Estimation Summary                          
==================================================================================
Dep. Variable:      dist_median_next5   R-squared:                          0.9614
Estimator:               Absorbing LS   Adj. R-squared:                     0.9608
No. Observations:              390776   F-statistic:                     7.982e+04
Date:                Thu, Nov 27 2025   P-value (F-stat):                   0.0000
Time:                        21:13:45   Distribution:                      chi2(2)
Cov. Estimator:             clustered   R-squared (No Effects):             0.9175
                                        Variables Absorbed:                 5912.0
                                 Parameter Estimates                                 
=====================================================================================
                   Parameter  Std. Err.     T-stat    P-value    Lower CI    Upper CI
-------------------------------------------------------------------------------------
const                 2.0406     0.3123     6.5337     0.0000      1.4285      2.6527
any_true_exog         4.4043     1.8939     2.3255     0.0200      0.6922      8.1163
dist_median_prev5     0.9368     0.0033     280.76     0.0000      0.9303      0.9433
=====================================================================================


============================================
[BANK×COUNTY×YEAR]
Outcome: default_rate_next5
Treatment: any_closure
Timestamp: 2025-11-27 21:13:50.235443
============================================

                         Absorbing LS Estimation Summary                          
==================================================================================
Dep. Variable:     default_rate_next5   R-squared:                          0.2413
Estimator:               Absorbing LS   Adj. R-squared:                     0.2293
No. Observations:              379039   F-statistic:                        111.55
Date:                Thu, Nov 27 2025   P-value (F-stat):                   0.0000
Time:                        21:13:50   Distribution:                      chi2(2)
Cov. Estimator:             clustered   R-squared (No Effects):             0.0014
                                        Variables Absorbed:                 5900.0
                                 Parameter Estimates                                  
======================================================================================
                    Parameter  Std. Err.     T-stat    P-value    Lower CI    Upper CI
--------------------------------------------------------------------------------------
const                  0.0873     0.0006     134.82     0.0000      0.0860      0.0885
any_closure           -0.0069     0.0012    -5.7945     0.0000     -0.0092     -0.0045
default_rate_prev5     0.0330     0.0036     9.1023     0.0000      0.0259      0.0401
======================================================================================


============================================
[BANK×COUNTY×YEAR]
Outcome: default_rate_next5
Treatment: any_exog_closure
Timestamp: 2025-11-27 21:13:54.962147
============================================

                         Absorbing LS Estimation Summary                          
==================================================================================
Dep. Variable:     default_rate_next5   R-squared:                          0.2413
Estimator:               Absorbing LS   Adj. R-squared:                     0.2293
No. Observations:              379039   F-statistic:                        92.123
Date:                Thu, Nov 27 2025   P-value (F-stat):                   0.0000
Time:                        21:13:54   Distribution:                      chi2(2)
Cov. Estimator:             clustered   R-squared (No Effects):             0.0014
                                        Variables Absorbed:                 5900.0
                                 Parameter Estimates                                  
======================================================================================
                    Parameter  Std. Err.     T-stat    P-value    Lower CI    Upper CI
--------------------------------------------------------------------------------------
const                  0.0870     0.0006     135.08     0.0000      0.0857      0.0882
any_exog_closure      -0.0135     0.0045    -3.0001     0.0027     -0.0223     -0.0047
default_rate_prev5     0.0330     0.0036     9.1063     0.0000      0.0259      0.0401
======================================================================================


============================================
[BANK×COUNTY×YEAR]
Outcome: default_rate_next5
Treatment: any_true_exog
Timestamp: 2025-11-27 21:13:59.668735
============================================

                         Absorbing LS Estimation Summary                          
==================================================================================
Dep. Variable:     default_rate_next5   R-squared:                          0.2413
Estimator:               Absorbing LS   Adj. R-squared:                     0.2293
No. Observations:              379039   F-statistic:                        96.150
Date:                Thu, Nov 27 2025   P-value (F-stat):                   0.0000
Time:                        21:13:59   Distribution:                      chi2(2)
Cov. Estimator:             clustered   R-squared (No Effects):             0.0014
                                        Variables Absorbed:                 5900.0
                                 Parameter Estimates                                  
======================================================================================
                    Parameter  Std. Err.     T-stat    P-value    Lower CI    Upper CI
--------------------------------------------------------------------------------------
const                  0.0870     0.0006     135.08     0.0000      0.0857      0.0882
any_true_exog         -0.0162     0.0043    -3.7790     0.0002     -0.0246     -0.0078
default_rate_prev5     0.0330     0.0036     9.1048     0.0000      0.0259      0.0401
======================================================================================


============================================
[BANK×COUNTY×YEAR]
Outcome: pif_rate_next5
Treatment: any_closure
Timestamp: 2025-11-27 21:14:04.559750
============================================

                         Absorbing LS Estimation Summary                          
==================================================================================
Dep. Variable:         pif_rate_next5   R-squared:                          0.4789
Estimator:               Absorbing LS   Adj. R-squared:                     0.4707
No. Observations:              379039   F-statistic:                        56.347
Date:                Thu, Nov 27 2025   P-value (F-stat):                   0.0000
Time:                        21:14:04   Distribution:                      chi2(2)
Cov. Estimator:             clustered   R-squared (No Effects):             0.0004
                                        Variables Absorbed:                 5900.0
                               Parameter Estimates                                
==================================================================================
                Parameter  Std. Err.     T-stat    P-value    Lower CI    Upper CI
----------------------------------------------------------------------------------
const              0.5546     0.0022     247.92     0.0000      0.5503      0.5590
any_closure        0.0080     0.0020     4.0699     0.0000      0.0041      0.0118
pif_rate_prev5     0.0194     0.0031     6.2820     0.0000      0.0133      0.0254
==================================================================================


============================================
[BANK×COUNTY×YEAR]
Outcome: pif_rate_next5
Treatment: any_exog_closure
Timestamp: 2025-11-27 21:14:09.536567
============================================

                         Absorbing LS Estimation Summary                          
==================================================================================
Dep. Variable:         pif_rate_next5   R-squared:                          0.4789
Estimator:               Absorbing LS   Adj. R-squared:                     0.4707
No. Observations:              379039   F-statistic:                        42.613
Date:                Thu, Nov 27 2025   P-value (F-stat):                   0.0000
Time:                        21:14:09   Distribution:                      chi2(2)
Cov. Estimator:             clustered   R-squared (No Effects):             0.0004
                                        Variables Absorbed:                 5900.0
                                Parameter Estimates                                 
====================================================================================
                  Parameter  Std. Err.     T-stat    P-value    Lower CI    Upper CI
------------------------------------------------------------------------------------
const                0.5549     0.0022     248.39     0.0000      0.5506      0.5593
any_exog_closure     0.0129     0.0073     1.7684     0.0770     -0.0014      0.0272
pif_rate_prev5       0.0194     0.0031     6.2974     0.0000      0.0134      0.0254
====================================================================================


============================================
[BANK×COUNTY×YEAR]
Outcome: pif_rate_next5
Treatment: any_true_exog
Timestamp: 2025-11-27 21:14:14.438734
============================================

                         Absorbing LS Estimation Summary                          
==================================================================================
Dep. Variable:         pif_rate_next5   R-squared:                          0.4789
Estimator:               Absorbing LS   Adj. R-squared:                     0.4707
No. Observations:              379039   F-statistic:                        42.982
Date:                Thu, Nov 27 2025   P-value (F-stat):                   0.0000
Time:                        21:14:14   Distribution:                      chi2(2)
Cov. Estimator:             clustered   R-squared (No Effects):             0.0004
                                        Variables Absorbed:                 5900.0
                               Parameter Estimates                                
==================================================================================
                Parameter  Std. Err.     T-stat    P-value    Lower CI    Upper CI
----------------------------------------------------------------------------------
const              0.5550     0.0022     248.41     0.0000      0.5506      0.5593
any_true_exog      0.0144     0.0078     1.8489     0.0645     -0.0009      0.0297
pif_rate_prev5     0.0194     0.0031     6.2963     0.0000      0.0134      0.0254
==================================================================================


============================================
[BANK×COUNTY×YEAR]
Outcome: n_loans_next5
Treatment: any_closure
Timestamp: 2025-11-27 21:14:19.327705
============================================

                         Absorbing LS Estimation Summary                          
==================================================================================
Dep. Variable:          n_loans_next5   R-squared:                          0.4504
Estimator:               Absorbing LS   Adj. R-squared:                     0.4450
No. Observations:              684688   F-statistic:                        745.86
Date:                Thu, Nov 27 2025   P-value (F-stat):                   0.0000
Time:                        21:14:19   Distribution:                      chi2(2)
Cov. Estimator:             clustered   R-squared (No Effects):             0.3635
                                        Variables Absorbed:                 6615.0
                               Parameter Estimates                               
=================================================================================
               Parameter  Std. Err.     T-stat    P-value    Lower CI    Upper CI
---------------------------------------------------------------------------------
const             0.4268     0.1130     3.7773     0.0002      0.2053      0.6483
any_closure       1.0460     0.3652     2.8642     0.0042      0.3302      1.7618
n_loans_prev5     0.6116     0.0539     11.338     0.0000      0.5058      0.7173
=================================================================================


============================================
[BANK×COUNTY×YEAR]
Outcome: n_loans_next5
Treatment: any_exog_closure
Timestamp: 2025-11-27 21:14:24.144642
============================================

                         Absorbing LS Estimation Summary                          
==================================================================================
Dep. Variable:          n_loans_next5   R-squared:                          0.4500
Estimator:               Absorbing LS   Adj. R-squared:                     0.4446
No. Observations:              684688   F-statistic:                        187.76
Date:                Thu, Nov 27 2025   P-value (F-stat):                   0.0000
Time:                        21:14:24   Distribution:                      chi2(2)
Cov. Estimator:             clustered   R-squared (No Effects):             0.3631
                                        Variables Absorbed:                 6615.0
                                Parameter Estimates                                 
====================================================================================
                  Parameter  Std. Err.     T-stat    P-value    Lower CI    Upper CI
------------------------------------------------------------------------------------
const                0.4565     0.1229     3.7155     0.0002      0.2157      0.6973
any_exog_closure     1.1654     0.5880     1.9820     0.0475      0.0129      2.3178
n_loans_prev5        0.6143     0.0534     11.508     0.0000      0.5097      0.7189
====================================================================================


============================================
[BANK×COUNTY×YEAR]
Outcome: n_loans_next5
Treatment: any_true_exog
Timestamp: 2025-11-27 21:14:29.078944
============================================

                         Absorbing LS Estimation Summary                          
==================================================================================
Dep. Variable:          n_loans_next5   R-squared:                          0.4500
Estimator:               Absorbing LS   Adj. R-squared:                     0.4446
No. Observations:              684688   F-statistic:                        185.83
Date:                Thu, Nov 27 2025   P-value (F-stat):                   0.0000
Time:                        21:14:29   Distribution:                      chi2(2)
Cov. Estimator:             clustered   R-squared (No Effects):             0.3631
                                        Variables Absorbed:                 6615.0
                               Parameter Estimates                               
=================================================================================
               Parameter  Std. Err.     T-stat    P-value    Lower CI    Upper CI
---------------------------------------------------------------------------------
const             0.4571     0.1229     3.7187     0.0002      0.2162      0.6980
any_true_exog     1.5580     0.9587     1.6251     0.1041     -0.3211      3.4371
n_loans_prev5     0.6142     0.0534     11.501     0.0000      0.5095      0.7189
=================================================================================


============================================
[COUNTY×YEAR]
Outcome: dist_mean_next5
Treatment: any_closure
Timestamp: 2025-11-27 21:14:29.355099
============================================

                         Absorbing LS Estimation Summary                          
==================================================================================
Dep. Variable:        dist_mean_next5   R-squared:                          0.7597
Estimator:               Absorbing LS   Adj. R-squared:                     0.7509
No. Observations:               89765   F-statistic:                        916.98
Date:                Thu, Nov 27 2025   P-value (F-stat):                   0.0000
Time:                        21:14:29   Distribution:                      chi2(2)
Cov. Estimator:             clustered   R-squared (No Effects):             0.5096
                                        Variables Absorbed:                 3162.0
                                Parameter Estimates                                
===================================================================================
                 Parameter  Std. Err.     T-stat    P-value    Lower CI    Upper CI
-----------------------------------------------------------------------------------
const              -48.096     17.050    -2.8209     0.0048     -81.513     -14.679
any_closure         161.09     13.846     11.635     0.0000      133.95      188.23
dist_mean_prev5     0.2985     0.0102     29.180     0.0000      0.2785      0.3186
===================================================================================


============================================
[COUNTY×YEAR]
Outcome: dist_mean_next5
Treatment: any_exog_closure
Timestamp: 2025-11-27 21:14:29.554630
============================================

                         Absorbing LS Estimation Summary                          
==================================================================================
Dep. Variable:        dist_mean_next5   R-squared:                          0.7594
Estimator:               Absorbing LS   Adj. R-squared:                     0.7506
No. Observations:               89765   F-statistic:                        1099.7
Date:                Thu, Nov 27 2025   P-value (F-stat):                   0.0000
Time:                        21:14:29   Distribution:                      chi2(2)
Cov. Estimator:             clustered   R-squared (No Effects):             0.5090
                                        Variables Absorbed:                 3162.0
                                Parameter Estimates                                 
====================================================================================
                  Parameter  Std. Err.     T-stat    P-value    Lower CI    Upper CI
------------------------------------------------------------------------------------
const               -25.205     17.072    -1.4764     0.1398     -58.666      8.2555
any_exog_closure     357.56     78.988     4.5268     0.0000      202.75      512.37
dist_mean_prev5      0.2990     0.0101     29.493     0.0000      0.2792      0.3189
====================================================================================


============================================
[COUNTY×YEAR]
Outcome: dist_mean_next5
Treatment: any_true_exog
Timestamp: 2025-11-27 21:14:29.758048
============================================

                         Absorbing LS Estimation Summary                          
==================================================================================
Dep. Variable:        dist_mean_next5   R-squared:                          0.7593
Estimator:               Absorbing LS   Adj. R-squared:                     0.7505
No. Observations:               89765   F-statistic:                        1110.9
Date:                Thu, Nov 27 2025   P-value (F-stat):                   0.0000
Time:                        21:14:29   Distribution:                      chi2(2)
Cov. Estimator:             clustered   R-squared (No Effects):             0.5088
                                        Variables Absorbed:                 3162.0
                                Parameter Estimates                                
===================================================================================
                 Parameter  Std. Err.     T-stat    P-value    Lower CI    Upper CI
-----------------------------------------------------------------------------------
const              -23.189     16.882    -1.3736     0.1696     -56.278      9.8994
any_true_exog       403.41     111.22     3.6271     0.0003      185.42      621.40
dist_mean_prev5     0.2989     0.0101     29.557     0.0000      0.2791      0.3187
===================================================================================


============================================
[COUNTY×YEAR]
Outcome: dist_median_next5
Treatment: any_closure
Timestamp: 2025-11-27 21:14:29.959606
============================================

                         Absorbing LS Estimation Summary                          
==================================================================================
Dep. Variable:      dist_median_next5   R-squared:                          0.7588
Estimator:               Absorbing LS   Adj. R-squared:                     0.7500
No. Observations:               89765   F-statistic:                        915.46
Date:                Thu, Nov 27 2025   P-value (F-stat):                   0.0000
Time:                        21:14:29   Distribution:                      chi2(2)
Cov. Estimator:             clustered   R-squared (No Effects):             0.5099
                                        Variables Absorbed:                 3162.0
                                 Parameter Estimates                                 
=====================================================================================
                   Parameter  Std. Err.     T-stat    P-value    Lower CI    Upper CI
-------------------------------------------------------------------------------------
const                -49.803     17.061    -2.9191     0.0035     -83.242     -16.364
any_closure           161.80     13.855     11.679     0.0000      134.65      188.96
dist_median_prev5     0.2988     0.0102     29.164     0.0000      0.2787      0.3189
=====================================================================================


============================================
[COUNTY×YEAR]
Outcome: dist_median_next5
Treatment: any_exog_closure
Timestamp: 2025-11-27 21:14:30.169356
============================================

                         Absorbing LS Estimation Summary                          
==================================================================================
Dep. Variable:      dist_median_next5   R-squared:                          0.7586
Estimator:               Absorbing LS   Adj. R-squared:                     0.7497
No. Observations:               89765   F-statistic:                        1096.8
Date:                Thu, Nov 27 2025   P-value (F-stat):                   0.0000
Time:                        21:14:30   Distribution:                      chi2(2)
Cov. Estimator:             clustered   R-squared (No Effects):             0.5093
                                        Variables Absorbed:                 3162.0
                                 Parameter Estimates                                 
=====================================================================================
                   Parameter  Std. Err.     T-stat    P-value    Lower CI    Upper CI
-------------------------------------------------------------------------------------
const                -26.807     17.073    -1.5702     0.1164     -60.269      6.6545
any_exog_closure      359.52     78.731     4.5663     0.0000      205.20      513.83
dist_median_prev5     0.2993     0.0102     29.478     0.0000      0.2794      0.3192
=====================================================================================


============================================
[COUNTY×YEAR]
Outcome: dist_median_next5
Treatment: any_true_exog
Timestamp: 2025-11-27 21:14:30.372222
============================================

                         Absorbing LS Estimation Summary                          
==================================================================================
Dep. Variable:      dist_median_next5   R-squared:                          0.7584
Estimator:               Absorbing LS   Adj. R-squared:                     0.7496
No. Observations:               89765   F-statistic:                        1104.3
Date:                Thu, Nov 27 2025   P-value (F-stat):                   0.0000
Time:                        21:14:30   Distribution:                      chi2(2)
Cov. Estimator:             clustered   R-squared (No Effects):             0.5090
                                        Variables Absorbed:                 3162.0
                                 Parameter Estimates                                 
=====================================================================================
                   Parameter  Std. Err.     T-stat    P-value    Lower CI    Upper CI
-------------------------------------------------------------------------------------
const                -24.746     16.880    -1.4660     0.1427     -57.831      8.3384
any_true_exog         400.44     110.82     3.6133     0.0003      183.23      617.65
dist_median_prev5     0.2992     0.0101     29.542     0.0000      0.2793      0.3190
=====================================================================================
